C:/Storage/Development/resources/RailsFTW193/lib/ruby/gems/1.9.1/gems/activerecord-3.2.8/lib/active_record/connection_adapters/postgresql_adapter.rb:1158:in `async_exec': PG::Error: ERROR:  relation "people" does not exist (ActiveRecord::StatementInvalid)
LINE 4:              WHERE a.attrelid = '"people"'::regclass
                                        ^
:             SELECT a.attname, format_type(a.atttypid, a.atttypmod), d.adsrc, a.attnotnull
              FROM pg_attribute a LEFT JOIN pg_attrdef d
                ON a.attrelid = d.adrelid AND a.attnum = d.adnum
             WHERE a.attrelid = '"people"'::regclass
               AND a.attnum > 0 AND NOT a.attisdropped
             ORDER BY a.attnum
	from C:/Storage/Development/resources/RailsFTW193/lib/ruby/gems/1.9.1/gems/activerecord-3.2.8/lib/active_record/connection_adapters/postgresql_adapter.rb:1158:in `exec_no_cache'
	from C:/Storage/Development/resources/RailsFTW193/lib/ruby/gems/1.9.1/gems/activerecord-3.2.8/lib/active_record/connection_adapters/postgresql_adapter.rb:664:in `block in exec_query'
	from C:/Storage/Development/resources/RailsFTW193/lib/ruby/gems/1.9.1/gems/activerecord-3.2.8/lib/active_record/connection_adapters/abstract_adapter.rb:280:in `block in log'
	from C:/Storage/Development/resources/RailsFTW193/lib/ruby/gems/1.9.1/gems/activesupport-3.2.8/lib/active_support/notifications/instrumenter.rb:20:in `instrument'
	from C:/Storage/Development/resources/RailsFTW193/lib/ruby/gems/1.9.1/gems/activerecord-3.2.8/lib/active_record/connection_adapters/abstract_adapter.rb:275:in `log'
	from C:/Storage/Development/resources/RailsFTW193/lib/ruby/gems/1.9.1/gems/activerecord-3.2.8/lib/active_record/connection_adapters/postgresql_adapter.rb:663:in `exec_query'
	from C:/Storage/Development/resources/RailsFTW193/lib/ruby/gems/1.9.1/gems/activerecord-3.2.8/lib/active_record/connection_adapters/postgresql_adapter.rb:1283:in `column_definitions'
	from C:/Storage/Development/resources/RailsFTW193/lib/ruby/gems/1.9.1/gems/activerecord-3.2.8/lib/active_record/connection_adapters/postgresql_adapter.rb:859:in `columns'
	from C:/Storage/Development/resources/RailsFTW193/lib/ruby/gems/1.9.1/gems/activerecord-3.2.8/lib/active_record/connection_adapters/schema_cache.rb:12:in `block in initialize'
	from C:/Storage/Development/resources/RailsFTW193/lib/ruby/gems/1.9.1/gems/activerecord-3.2.8/lib/active_record/model_schema.rb:228:in `yield'
	from C:/Storage/Development/resources/RailsFTW193/lib/ruby/gems/1.9.1/gems/activerecord-3.2.8/lib/active_record/model_schema.rb:228:in `default'
	from C:/Storage/Development/resources/RailsFTW193/lib/ruby/gems/1.9.1/gems/activerecord-3.2.8/lib/active_record/model_schema.rb:228:in `columns'
	from C:/Storage/Development/resources/RailsFTW193/lib/ruby/gems/1.9.1/gems/rails_admin-0.4.1/lib/rails_admin/adapters/active_record.rb:84:in `properties'
	from C:/Storage/Development/resources/RailsFTW193/lib/ruby/gems/1.9.1/gems/rails_admin-0.4.1/lib/rails_admin/config/fields.rb:50:in `factory'
	from C:/Storage/Development/resources/RailsFTW193/lib/ruby/gems/1.9.1/gems/rails_admin-0.4.1/lib/rails_admin/config/has_fields.rb:130:in `_fields'
	from C:/Storage/Development/resources/RailsFTW193/lib/ruby/gems/1.9.1/gems/rails_admin-0.4.1/lib/rails_admin/config/has_fields.rb:128:in `_fields'
	from C:/Storage/Development/resources/RailsFTW193/lib/ruby/gems/1.9.1/gems/rails_admin-0.4.1/lib/rails_admin/config/has_fields.rb:108:in `all_fields'
	from C:/Storage/Development/resources/RailsFTW193/lib/ruby/gems/1.9.1/gems/rails_admin-0.4.1/lib/rails_admin/config/has_fields.rb:83:in `fields'
	from (erb):64:in `block in template'
	from (erb):53:in `map'
	from (erb):53:in `template'
	from C:/Storage/Development/resources/RailsFTW193/lib/ruby/1.9.1/erb.rb:838:in `eval'
	from C:/Storage/Development/resources/RailsFTW193/lib/ruby/1.9.1/erb.rb:838:in `result'
	from C:/Storage/Development/resources/RailsFTW193/lib/ruby/gems/1.9.1/gems/thor-0.16.0/lib/thor/actions/file_manipulation.rb:111:in `block in template'
	from C:/Storage/Development/resources/RailsFTW193/lib/ruby/gems/1.9.1/gems/thor-0.16.0/lib/thor/actions/create_file.rb:54:in `call'
	from C:/Storage/Development/resources/RailsFTW193/lib/ruby/gems/1.9.1/gems/thor-0.16.0/lib/thor/actions/create_file.rb:54:in `render'
	from C:/Storage/Development/resources/RailsFTW193/lib/ruby/gems/1.9.1/gems/thor-0.16.0/lib/thor/actions/create_file.rb:47:in `identical?'
	from C:/Storage/Development/resources/RailsFTW193/lib/ruby/gems/1.9.1/gems/thor-0.16.0/lib/thor/actions/create_file.rb:73:in `on_conflict_behavior'
	from C:/Storage/Development/resources/RailsFTW193/lib/ruby/gems/1.9.1/gems/thor-0.16.0/lib/thor/actions/empty_directory.rb:130:in `invoke_with_conflict_check'
	from C:/Storage/Development/resources/RailsFTW193/lib/ruby/gems/1.9.1/gems/thor-0.16.0/lib/thor/actions/create_file.rb:61:in `invoke!'
	from C:/Storage/Development/resources/RailsFTW193/lib/ruby/gems/1.9.1/gems/thor-0.16.0/lib/thor/actions.rb:95:in `action'
	from C:/Storage/Development/resources/RailsFTW193/lib/ruby/gems/1.9.1/gems/thor-0.16.0/lib/thor/actions/create_file.rb:26:in `create_file'
	from C:/Storage/Development/resources/RailsFTW193/lib/ruby/gems/1.9.1/gems/thor-0.16.0/lib/thor/actions/file_manipulation.rb:110:in `template'
	from C:/Storage/Development/resources/RailsFTW193/lib/ruby/gems/1.9.1/gems/rails_admin-0.4.1/lib/generators/rails_admin/install_generator.rb:66:in `install'
	from C:/Storage/Development/resources/RailsFTW193/lib/ruby/gems/1.9.1/gems/thor-0.16.0/lib/thor/task.rb:27:in `run'
	from C:/Storage/Development/resources/RailsFTW193/lib/ruby/gems/1.9.1/gems/thor-0.16.0/lib/thor/invocation.rb:120:in `invoke_task'
	from C:/Storage/Development/resources/RailsFTW193/lib/ruby/gems/1.9.1/gems/thor-0.16.0/lib/thor/invocation.rb:126:in `block in invoke_all'
	from C:/Storage/Development/resources/RailsFTW193/lib/ruby/gems/1.9.1/gems/thor-0.16.0/lib/thor/invocation.rb:126:in `each'
	from C:/Storage/Development/resources/RailsFTW193/lib/ruby/gems/1.9.1/gems/thor-0.16.0/lib/thor/invocation.rb:126:in `map'
	from C:/Storage/Development/resources/RailsFTW193/lib/ruby/gems/1.9.1/gems/thor-0.16.0/lib/thor/invocation.rb:126:in `invoke_all'
	from C:/Storage/Development/resources/RailsFTW193/lib/ruby/gems/1.9.1/gems/thor-0.16.0/lib/thor/group.rb:238:in `dispatch'
	from C:/Storage/Development/resources/RailsFTW193/lib/ruby/gems/1.9.1/gems/thor-0.16.0/lib/thor/base.rb:425:in `start'
	from C:/Storage/Development/resources/RailsFTW193/lib/ruby/gems/1.9.1/gems/railties-3.2.8/lib/rails/generators.rb:171:in `invoke'
	from C:/Storage/Development/resources/RailsFTW193/lib/ruby/gems/1.9.1/gems/railties-3.2.8/lib/rails/commands/generate.rb:12:in `<top (required)>'
	from C:/Storage/Development/resources/RailsFTW193/lib/ruby/gems/1.9.1/gems/activesupport-3.2.8/lib/active_support/dependencies.rb:251:in `require'
	from C:/Storage/Development/resources/RailsFTW193/lib/ruby/gems/1.9.1/gems/activesupport-3.2.8/lib/active_support/dependencies.rb:251:in `block in require'
	from C:/Storage/Development/resources/RailsFTW193/lib/ruby/gems/1.9.1/gems/activesupport-3.2.8/lib/active_support/dependencies.rb:236:in `load_dependency'
	from C:/Storage/Development/resources/RailsFTW193/lib/ruby/gems/1.9.1/gems/activesupport-3.2.8/lib/active_support/dependencies.rb:251:in `require'
	from C:/Storage/Development/resources/RailsFTW193/lib/ruby/gems/1.9.1/gems/railties-3.2.8/lib/rails/commands.rb:29:in `<top (required)>'
	from script/rails:6:in `require'
	from script/rails:6:in `<main>'
